Microsoft (R) Help Compiler
HCRTF 4.02.0034
Copyright (c) Microsoft Corp 1990 - 1995. All rights reserved.
gedit.hpj
    HC1012: Note: topic #29 of c:\project\fusion2\doc\gedit2.rtf : 
	Table cell borders are not supported.
    HC1012: Note: topic #30 of c:\project\fusion2\doc\gedit2.rtf : 
	Table cell borders are not supported.
    HC1012: Note: topic #31 of c:\project\fusion2\doc\gedit2.rtf : 
	Table cell borders are not supported.
    HC1012: Note: topic #32 of c:\project\fusion2\doc\gedit2.rtf : 
	Table cell borders are not supported.
35	Topics
0	Jumps
35	Keywords
0	Bitmaps


Created c:\project\fusion2\doc\gedit.hlp, 36,456 bytes
Hall+Zeck compression decreased help file by 27,976 bytes.
Compile time: 0 minutes, 0 seconds
4 notes, 0 warnings
